#
# A fatal error has been detected by the Java Runtime Environment:
#
#  Internal Error (classFileParser.cpp:3494), pid=2442, tid=3066919792
#  Error: ShouldNotReachHere()
#
# JRE version: 6.0_29-b11
# Java VM: Java HotSpot(TM) Client VM (20.4-b02 mixed mode linux-x86 )
# If you would like to submit a bug report, please visit:
#   http://java.sun.com/webapps/bugreport/crash.jsp
#

---------------  T H R E A D  ---------------

Current thread (0x09705400):  JavaThread "Unknown thread" [_thread_in_vm, id=2448, stack(0xb6c87000,0xb6cd8000)]

Stack: [0xb6c87000,0xb6cd8000],  sp=0xb6cd67d0,  free space=317k
Native frames: (J=compiled Java code, j=interpreted, Vv=VM code, C=native code)
V  [libjvm.so+0x469100]  VMError::report_and_die()+0x2b0
V  [libjvm.so+0x1c688f]  report_should_not_reach_here(char const*, int)+0x3f
V  [libjvm.so+0x171c1a]  ClassFileParser::parseClassFile(symbolHandle, Handle, Handle, KlassHandle, GrowableArray<Handle>*, symbolHandle&, bool, Thread*)+0x2d9a
V  [libjvm.so+0x177c61]  ClassLoader::load_classfile(symbolHandle, Thread*)+0x221
V  [libjvm.so+0x407f52]  SystemDictionary::load_instance_class(symbolHandle, Handle, Thread*)+0xf2
V  [libjvm.so+0x405fee]  SystemDictionary::resolve_instance_class_or_null(symbolHandle, Handle, Handle, Thread*)+0x55e
V  [libjvm.so+0x404db6]  SystemDictionary::resolve_or_null(symbolHandle, Handle, Handle, Thread*)+0x66
V  [libjvm.so+0x404a20]  SystemDictionary::resolve_or_fail(symbolHandle, Handle, Handle, bool, Thread*)+0x30
V  [libjvm.so+0x40983a]  SystemDictionary::initialize_wk_klass(SystemDictionary::WKID, int, Thread*)+0x6a
V  [libjvm.so+0x4098cc]  SystemDictionary::initialize_wk_klasses_until(SystemDictionary::WKID, SystemDictionary::WKID&, Thread*)+0x4c
V  [libjvm.so+0x409990]  SystemDictionary::initialize_preloaded_classes(Thread*)+0x70
V  [libjvm.so+0x409761]  SystemDictionary::initialize(Thread*)+0xe1
V  [libjvm.so+0x44538a]  Universe::genesis(Thread*)+0x4da
V  [libjvm.so+0x446a4f]  universe2_init()+0x1f
V  [libjvm.so+0x225eb8]  init_globals()+0x98
V  [libjvm.so+0x439592]  Threads::create_vm(JavaVMInitArgs*, bool*)+0x242
V  [libjvm.so+0x280936]  JNI_CreateJavaVM+0x56
C  [java+0x305c]
C  [java+0x1942]  JavaMain+0x72
C  [libpthread.so.0+0x596e]  short+0xbe


---------------  P R O C E S S  ---------------

Java Threads: ( => current thread )

Other Threads:

=>0x09705400 (exited) JavaThread "Unknown thread" [_thread_in_vm, id=2448, stack(0xb6c87000,0xb6cd8000)]

VM state:not at safepoint (not fully initialized)

VM Mutex/Monitor currently owned by a thread: None

Dynamic libraries:
08048000-08052000 r-xp 00000000 08:15 2238501    /opt/jdk1.6.0_29/bin/java
08052000-08053000 rwxp 00009000 08:15 2238501    /opt/jdk1.6.0_29/bin/java
096ff000-0977f000 rwxp 00000000 00:00 0          [heap]
a0a13000-a0a78000 r-xs 004cb000 08:15 2075637    /opt/android-sdk-linux_86/platforms/android-8/android.jar
a0a78000-a0a7f000 rwxp 00000000 00:00 0 
a0a7f000-a0a99000 rwxp 00000000 00:00 0 
a0a99000-a0a9f000 rwxp 00000000 00:00 0 
a0a9f000-a0aef000 rwxp 00000000 00:00 0 
a0aef000-a0af2000 rwxp 00000000 00:00 0 
a0af2000-a0b19000 rwxp 00000000 00:00 0 
a0b19000-a0b1f000 rwxp 00000000 00:00 0 
a0b1f000-a0b6f000 rwxp 00000000 00:00 0 
a0b6f000-a0b75000 rwxp 00000000 00:00 0 
a0b75000-a0b8f000 rwxp 00000000 00:00 0 
a0b8f000-a10e0000 rwxp 00000000 00:00 0 
a10e0000-a60e0000 rwxp 00000000 00:00 0 
a60e0000-a6b90000 rwxp 00000000 00:00 0 
a6b90000-b0b90000 rwxp 00000000 00:00 0 
b0b90000-b1790000 rwxp 00000000 00:00 0 
b1790000-b4b90000 rwxp 00000000 00:00 0 
b4b93000-b4b94000 rwxp 00000000 00:00 0 
b4b94000-b4c13000 rwxp 00000000 00:00 0 
b4c13000-b4c43000 rwxp 00000000 00:00 0 
b4c43000-b6c13000 rwxp 00000000 00:00 0 
b6c13000-b6c1d000 r-xp 00000000 08:15 164711     /lib/tls/i686/cmov/libnss_files-2.11.1.so
b6c1d000-b6c1e000 r-xp 00009000 08:15 164711     /lib/tls/i686/cmov/libnss_files-2.11.1.so
b6c1e000-b6c1f000 rwxp 0000a000 08:15 164711     /lib/tls/i686/cmov/libnss_files-2.11.1.so
b6c1f000-b6c27000 r-xp 00000000 08:15 164744     /lib/tls/i686/cmov/libnss_nis-2.11.1.so
b6c27000-b6c28000 r-xp 00007000 08:15 164744     /lib/tls/i686/cmov/libnss_nis-2.11.1.so
b6c28000-b6c29000 rwxp 00008000 08:15 164744     /lib/tls/i686/cmov/libnss_nis-2.11.1.so
b6c29000-b6c3c000 r-xp 00000000 08:15 164687     /lib/tls/i686/cmov/libnsl-2.11.1.so
b6c3c000-b6c3d000 r-xp 00012000 08:15 164687     /lib/tls/i686/cmov/libnsl-2.11.1.so
b6c3d000-b6c3e000 rwxp 00013000 08:15 164687     /lib/tls/i686/cmov/libnsl-2.11.1.so
b6c3e000-b6c40000 rwxp 00000000 00:00 0 
b6c40000-b6c4f000 r-xp 00000000 08:15 2048432    /opt/jdk1.6.0_29/jre/lib/i386/libzip.so
b6c4f000-b6c51000 rwxp 0000e000 08:15 2048432    /opt/jdk1.6.0_29/jre/lib/i386/libzip.so
b6c51000-b6c59000 rwxs 00000000 08:15 90827      /tmp/hsperfdata_hamlet/2442
b6c59000-b6c7c000 r-xp 00000000 08:15 2048430    /opt/jdk1.6.0_29/jre/lib/i386/libjava.so
b6c7c000-b6c7e000 rwxp 00023000 08:15 2048430    /opt/jdk1.6.0_29/jre/lib/i386/libjava.so
b6c7e000-b6c85000 r-xp 00000000 08:15 164719     /lib/tls/i686/cmov/librt-2.11.1.so
b6c85000-b6c86000 r-xp 00006000 08:15 164719     /lib/tls/i686/cmov/librt-2.11.1.so
b6c86000-b6c87000 rwxp 00007000 08:15 164719     /lib/tls/i686/cmov/librt-2.11.1.so
b6c87000-b6c8a000 ---p 00000000 00:00 0 
b6c8a000-b6cd8000 rwxp 00000000 00:00 0 
b6cd8000-b6cfc000 r-xp 00000000 08:15 164716     /lib/tls/i686/cmov/libm-2.11.1.so
b6cfc000-b6cfd000 r-xp 00023000 08:15 164716     /lib/tls/i686/cmov/libm-2.11.1.so
b6cfd000-b6cfe000 rwxp 00024000 08:15 164716     /lib/tls/i686/cmov/libm-2.11.1.so
b6cfe000-b71df000 r-xp 00000000 08:15 2163456    /opt/jdk1.6.0_29/jre/lib/i386/client/libjvm.so
b71df000-b7202000 rwxp 004e1000 08:15 2163456    /opt/jdk1.6.0_29/jre/lib/i386/client/libjvm.so
b7202000-b761f000 rwxp 00000000 00:00 0 
b761f000-b7772000 r-xp 00000000 08:15 164714     /lib/tls/i686/cmov/libc-2.11.1.so
b7772000-b7774000 r-xp 00153000 08:15 164714     /lib/tls/i686/cmov/libc-2.11.1.so
b7774000-b7775000 rwxp 00155000 08:15 164714     /lib/tls/i686/cmov/libc-2.11.1.so
b7775000-b7778000 rwxp 00000000 00:00 0 
b7778000-b777a000 r-xp 00000000 08:15 164709     /lib/tls/i686/cmov/libdl-2.11.1.so
b777a000-b777b000 r-xp 00001000 08:15 164709     /lib/tls/i686/cmov/libdl-2.11.1.so
b777b000-b777c000 rwxp 00002000 08:15 164709     /lib/tls/i686/cmov/libdl-2.11.1.so
b777c000-b7783000 r-xp 00000000 08:15 2187975    /opt/jdk1.6.0_29/jre/lib/i386/jli/libjli.so
b7783000-b7785000 rwxp 00006000 08:15 2187975    /opt/jdk1.6.0_29/jre/lib/i386/jli/libjli.so
b7785000-b7786000 rwxp 00000000 00:00 0 
b7786000-b779b000 r-xp 00000000 08:15 164710     /lib/tls/i686/cmov/libpthread-2.11.1.so
b779b000-b779c000 r-xp 00014000 08:15 164710     /lib/tls/i686/cmov/libpthread-2.11.1.so
b779c000-b779d000 rwxp 00015000 08:15 164710     /lib/tls/i686/cmov/libpthread-2.11.1.so
b779d000-b779f000 rwxp 00000000 00:00 0 
b77a2000-b77a8000 r-xp 00000000 08:15 164743     /lib/tls/i686/cmov/libnss_compat-2.11.1.so
b77a8000-b77a9000 r-xp 00006000 08:15 164743     /lib/tls/i686/cmov/libnss_compat-2.11.1.so
b77a9000-b77aa000 rwxp 00007000 08:15 164743     /lib/tls/i686/cmov/libnss_compat-2.11.1.so
b77aa000-b77ab000 rwxp 00000000 00:00 0 
b77ab000-b77ac000 r-xp 00000000 00:00 0 
b77ac000-b77b7000 r-xp 00000000 08:15 2048429    /opt/jdk1.6.0_29/jre/lib/i386/libverify.so
b77b7000-b77b8000 rwxp 0000b000 08:15 2048429    /opt/jdk1.6.0_29/jre/lib/i386/libverify.so
b77b8000-b77ba000 rwxp 00000000 00:00 0 
b77ba000-b77bb000 r-xp 00000000 00:00 0          [vdso]
b77bb000-b77d6000 r-xp 00000000 08:15 550052     /lib/ld-2.11.1.so
b77d6000-b77d7000 r-xp 0001a000 08:15 550052     /lib/ld-2.11.1.so
b77d7000-b77d8000 rwxp 0001b000 08:15 550052     /lib/ld-2.11.1.so
bfdd5000-bfdea000 rwxp 00000000 00:00 0          [stack]

VM Arguments:
jvm_args: -Dfile.encoding=UTF-8 -Xbootclasspath:/opt/android-sdk-linux_86/platforms/android-8/android.jar 
java_command: org.eclipse.jdt.internal.junit.runner.RemoteTestRunner -version 3 -port 42077 -testLoaderClass org.eclipse.jdt.internal.junit4.runner.JUnit4TestLoader -loaderpluginname org.eclipse.jdt.junit4.runtime -classNames fr.giletvin.ornidroid.download.DefaultDownloadableTest
Launcher Type: SUN_STANDARD

Environment Variables:
JAVA_HOME=/usr/lib/jvm/java-6-sun
PATH=/opt/android-sdk-linux_86/platform-tools:/opt/android-sdk-linux_86/tools:/opt/maven/bin:/opt/zenphoto:/usr/local/sbin:/usr/local/bin:/usr/sbin:/usr/bin:/sbin:/bin:/usr/games
USERNAME=hamlet
LD_LIBRARY_PATH=/opt/jdk1.6.0_29/jre/lib/i386/client:/opt/jdk1.6.0_29/jre/lib/i386:/opt/jdk1.6.0_29/jre/../lib/i386:/usr/lib/jvm/java-6-openjdk/jre/lib/i386/client:/usr/lib/jvm/java-6-openjdk/jre/lib/i386:
SHELL=/bin/bash
DISPLAY=:0.0

Signal Handlers:
SIGSEGV: [libjvm.so+0x469d60], sa_mask[0]=0x7ffbfeff, sa_flags=0x10000004
SIGBUS: [libjvm.so+0x469d60], sa_mask[0]=0x7ffbfeff, sa_flags=0x10000004
SIGFPE: [libjvm.so+0x38bdb0], sa_mask[0]=0x7ffbfeff, sa_flags=0x10000004
SIGPIPE: [libjvm.so+0x38bdb0], sa_mask[0]=0x7ffbfeff, sa_flags=0x10000004
SIGXFSZ: [libjvm.so+0x38bdb0], sa_mask[0]=0x7ffbfeff, sa_flags=0x10000004
SIGILL: [libjvm.so+0x38bdb0], sa_mask[0]=0x7ffbfeff, sa_flags=0x10000004
SIGUSR1: SIG_DFL, sa_mask[0]=0x00000000, sa_flags=0x00000000
SIGUSR2: [libjvm.so+0x38eff0], sa_mask[0]=0x00000004, sa_flags=0x10000004
SIGHUP: SIG_DFL, sa_mask[0]=0x00000000, sa_flags=0x00000000
SIGINT: SIG_DFL, sa_mask[0]=0x00000000, sa_flags=0x00000000
SIGTERM: SIG_DFL, sa_mask[0]=0x00000000, sa_flags=0x00000000
SIGQUIT: SIG_DFL, sa_mask[0]=0x00000000, sa_flags=0x00000000


---------------  S Y S T E M  ---------------

OS:squeeze/sid

uname:Linux 2.6.32-41-generic #89-Ubuntu SMP Fri Apr 27 22:22:09 UTC 2012 i686
libc:glibc 2.11.1 NPTL 2.11.1 
rlimit: STACK 8192k, CORE 0k, NPROC infinity, NOFILE 1024, AS infinity
load average:2.77 3.18 1.78

/proc/meminfo:
MemTotal:        2061548 kB
MemFree:          435008 kB
Buffers:          265096 kB
Cached:           608152 kB
SwapCached:            0 kB
Active:           848436 kB
Inactive:         628636 kB
Active(anon):     603680 kB
Inactive(anon):    19184 kB
Active(file):     244756 kB
Inactive(file):   609452 kB
Unevictable:          72 kB
Mlocked:              72 kB
HighTotal:       1187656 kB
HighFree:          15376 kB
LowTotal:         873892 kB
LowFree:          419632 kB
SwapTotal:       3421804 kB
SwapFree:        3421804 kB
Dirty:               164 kB
Writeback:           104 kB
AnonPages:        603856 kB
Mapped:           149764 kB
Shmem:             19092 kB
Slab:             121924 kB
SReclaimable:     112128 kB
SUnreclaim:         9796 kB
KernelStack:        2736 kB
PageTables:         7724 kB
NFS_Unstable:          0 kB
Bounce:                0 kB
WritebackTmp:          0 kB
CommitLimit:     4452576 kB
Committed_AS:    1695356 kB
VmallocTotal:     122880 kB
VmallocUsed:       20208 kB
VmallocChunk:      97112 kB
HardwareCorrupted:     0 kB
HugePages_Total:       0
HugePages_Free:        0
HugePages_Rsvd:        0
HugePages_Surp:        0
Hugepagesize:       4096 kB
DirectMap4k:       12280 kB
DirectMap4M:      897024 kB


CPU:total 1 (1 cores per cpu, 1 threads per core) family 15 model 47 stepping 0, cmov, cx8, fxsr, mmx, sse, sse2, sse3, mmxext, 3dnow, 3dnowext

/proc/cpuinfo:
processor	: 0
vendor_id	: AuthenticAMD
cpu family	: 15
model		: 47
model name	: AMD Athlon(tm) 64 Processor 3400+
stepping	: 0
cpu MHz		: 1000.000
cache size	: 512 KB
fdiv_bug	: no
hlt_bug		: no
f00f_bug	: no
coma_bug	: no
fpu		: yes
fpu_exception	: yes
cpuid level	: 1
wp		: yes
flags		: fpu vme de pse tsc msr pae mce cx8 apic mtrr pge mca cmov pat pse36 clflush mmx fxsr sse sse2 syscall nx mmxext fxsr_opt lm 3dnowext 3dnow up pni lahf_lm
bogomips	: 1989.79
clflush size	: 64
cache_alignment	: 64
address sizes	: 40 bits physical, 48 bits virtual
power management: ts fid vid ttp tm stc



Memory: 4k page, physical 2061548k(435008k free), swap 3421804k(3421804k free)

vm_info: Java HotSpot(TM) Client VM (20.4-b02) for linux-x86 JRE (1.6.0_29-b11), built on Oct  3 2011 07:29:58 by "java_re" with gcc 3.2.1-7a (J2SE release)

time: Tue Jun 12 19:20:26 2012
elapsed time: 0 seconds

